Build started 24.03.2021 06:46:51.
     1>Project "c:\Users\cesaten\documents\visual studio 2012\Projects\ConsoleApplication6\ConsoleApplication6\ConsoleApplication6.vcxproj" on node 2 (Build target(s)).
     1>ClCompile:
         E:\okul\cs201\VC\bin\CL.exe /c /ZI /nologo /W3 /WX- /Od /Oy- /D "WIN32" /D _DEBUG /D _CONSOLE /D "_UNICODE" /D "UNICODE" /Gm /EHsc /RTC1 /MDd /GS /fp:precise /Zc:wchar_t /Zc:forScope /Fo"Debug\\" /Fd"Debug\vc110.pdb" /Gd /TP /analyze- /errorReport:prompt Source.cpp
         Source.cpp
     1>c:\users\cesaten\documents\visual studio 2012\projects\consoleapplication6\consoleapplication6\source.cpp(16): warning C4554: '|' : check operator precedence for possible error; use parentheses to clarify precedence
     1>c:\users\cesaten\documents\visual studio 2012\projects\consoleapplication6\consoleapplication6\source.cpp(24): warning C4554: '|' : check operator precedence for possible error; use parentheses to clarify precedence
     1>c:\users\cesaten\documents\visual studio 2012\projects\consoleapplication6\consoleapplication6\source.cpp(29): warning C4554: '|' : check operator precedence for possible error; use parentheses to clarify precedence
     1>c:\users\cesaten\documents\visual studio 2012\projects\consoleapplication6\consoleapplication6\source.cpp(34): warning C4554: '|' : check operator precedence for possible error; use parentheses to clarify precedence
     1>c:\users\cesaten\documents\visual studio 2012\projects\consoleapplication6\consoleapplication6\source.cpp(39): warning C4554: '|' : check operator precedence for possible error; use parentheses to clarify precedence
     1>c:\users\cesaten\documents\visual studio 2012\projects\consoleapplication6\consoleapplication6\source.cpp(48): warning C4554: '|' : check operator precedence for possible error; use parentheses to clarify precedence
     1>c:\users\cesaten\documents\visual studio 2012\projects\consoleapplication6\consoleapplication6\source.cpp(55): warning C4554: '|' : check operator precedence for possible error; use parentheses to clarify precedence
     1>c:\users\cesaten\documents\visual studio 2012\projects\consoleapplication6\consoleapplication6\source.cpp(62): warning C4554: '|' : check operator precedence for possible error; use parentheses to clarify precedence
     1>c:\users\cesaten\documents\visual studio 2012\projects\consoleapplication6\consoleapplication6\source.cpp(82): warning C4554: '&' : check operator precedence for possible error; use parentheses to clarify precedence
     1>c:\users\cesaten\documents\visual studio 2012\projects\consoleapplication6\consoleapplication6\source.cpp(121): warning C4554: '&' : check operator precedence for possible error; use parentheses to clarify precedence
     1>c:\users\cesaten\documents\visual studio 2012\projects\consoleapplication6\consoleapplication6\source.cpp(125): warning C4554: '&' : check operator precedence for possible error; use parentheses to clarify precedence
     1>c:\users\cesaten\documents\visual studio 2012\projects\consoleapplication6\consoleapplication6\source.cpp(128): warning C4554: '&' : check operator precedence for possible error; use parentheses to clarify precedence
     1>c:\users\cesaten\documents\visual studio 2012\projects\consoleapplication6\consoleapplication6\source.cpp(134): warning C4554: '&' : check operator precedence for possible error; use parentheses to clarify precedence
     1>c:\users\cesaten\documents\visual studio 2012\projects\consoleapplication6\consoleapplication6\source.cpp(138): warning C4554: '&' : check operator precedence for possible error; use parentheses to clarify precedence
     1>c:\users\cesaten\documents\visual studio 2012\projects\consoleapplication6\consoleapplication6\source.cpp(141): warning C4554: '&' : check operator precedence for possible error; use parentheses to clarify precedence
     1>c:\users\cesaten\documents\visual studio 2012\projects\consoleapplication6\consoleapplication6\source.cpp(147): warning C4554: '&' : check operator precedence for possible error; use parentheses to clarify precedence
     1>c:\users\cesaten\documents\visual studio 2012\projects\consoleapplication6\consoleapplication6\source.cpp(151): warning C4554: '&' : check operator precedence for possible error; use parentheses to clarify precedence
     1>c:\users\cesaten\documents\visual studio 2012\projects\consoleapplication6\consoleapplication6\source.cpp(154): warning C4554: '&' : check operator precedence for possible error; use parentheses to clarify precedence
     1>c:\users\cesaten\documents\visual studio 2012\projects\consoleapplication6\consoleapplication6\source.cpp(318): warning C4244: 'argument' : conversion from 'double' to 'int', possible loss of data
       Link:
         E:\okul\cs201\VC\bin\link.exe /ERRORREPORT:PROMPT /OUT:"c:\users\cesaten\documents\visual studio 2012\Projects\ConsoleApplication6\Debug\ConsoleApplication6.exe" /INCREMENTAL /NOLOGO kernel32.lib user32.lib gdi32.lib winspool.lib comdlg32.lib advapi32.lib shell32.lib ole32.lib oleaut32.lib uuid.lib odbc32.lib odbccp32.lib /MANIFEST /MANIFESTUAC:"level='asInvoker' uiAccess='false'" /manifest:embed /DEBUG /PDB:"c:\users\cesaten\documents\visual studio 2012\Projects\ConsoleApplication6\Debug\ConsoleApplication6.pdb" /SUBSYSTEM:CONSOLE /TLBID:1 /DYNAMICBASE /NXCOMPAT /IMPLIB:"c:\users\cesaten\documents\visual studio 2012\Projects\ConsoleApplication6\Debug\ConsoleApplication6.lib" /MACHINE:X86 Debug\Source.obj
         ConsoleApplication6.vcxproj -> c:\users\cesaten\documents\visual studio 2012\Projects\ConsoleApplication6\Debug\ConsoleApplication6.exe
     1>Done Building Project "c:\Users\cesaten\documents\visual studio 2012\Projects\ConsoleApplication6\ConsoleApplication6\ConsoleApplication6.vcxproj" (Build target(s)).

Build succeeded.

Time Elapsed 00:00:01.03
