Build started 31.05.2021 21:15:30.
     1>Project "c:\Users\cesaten\documents\visual studio 2012\Projects\the5\the5\the5.vcxproj" on node 2 (Build target(s)).
     1>ClCompile:
         E:\okul\cs201\VC\bin\CL.exe /c /ZI /nologo /W3 /WX- /Od /Oy- /D "WIN32" /D _DEBUG /D _CONSOLE /D "_UNICODE" /D "UNICODE" /Gm /EHsc /RTC1 /MDd /GS /fp:precise /Zc:wchar_t /Zc:forScope /Fo"Debug\\" /Fd"Debug\vc110.pdb" /Gd /TP /analyze- /errorReport:prompt date.cpp Source.cpp strutils.cpp
         strutils.cpp
         Source.cpp
         date.cpp
     1>c:\users\cesaten\documents\visual studio 2012\projects\the5\the5\date.cpp(26): warning C4996: 'localtime': This function or variable may be unsafe. Consider using localtime_s instead. To disable deprecation, use _CRT_SECURE_NO_WARNINGS. See online help for details.
                 e:\okul\cs201\vc\include\time.inl(112) : see declaration of 'localtime'
     1>c:\users\cesaten\documents\visual studio 2012\projects\the5\the5\date.cpp(117): warning C4996: 'sprintf': This function or variable may be unsafe. Consider using sprintf_s instead. To disable deprecation, use _CRT_SECURE_NO_WARNINGS. See online help for details.
                 e:\okul\cs201\vc\include\stdio.h(357) : see declaration of 'sprintf'
         Generating Code...
       Link:
         E:\okul\cs201\VC\bin\link.exe /ERRORREPORT:PROMPT /OUT:"c:\users\cesaten\documents\visual studio 2012\Projects\the5\Debug\the5.exe" /INCREMENTAL /NOLOGO kernel32.lib user32.lib gdi32.lib winspool.lib comdlg32.lib advapi32.lib shell32.lib ole32.lib oleaut32.lib uuid.lib odbc32.lib odbccp32.lib /MANIFEST /MANIFESTUAC:"level='asInvoker' uiAccess='false'" /manifest:embed /DEBUG /PDB:"c:\users\cesaten\documents\visual studio 2012\Projects\the5\Debug\the5.pdb" /SUBSYSTEM:CONSOLE /TLBID:1 /DYNAMICBASE /NXCOMPAT /IMPLIB:"c:\users\cesaten\documents\visual studio 2012\Projects\the5\Debug\the5.lib" /MACHINE:X86 Debug\date.obj
         Debug\Source.obj
         Debug\strutils.obj
         the5.vcxproj -> c:\users\cesaten\documents\visual studio 2012\Projects\the5\Debug\the5.exe
     1>Done Building Project "c:\Users\cesaten\documents\visual studio 2012\Projects\the5\the5\the5.vcxproj" (Build target(s)).

Build succeeded.

Time Elapsed 00:00:03.47
